apps/android-auto/app/build/intermediates/manifest_merge_blame_file/debug/processDebugMainManifest/manifest-merger-blame-debug-report.txt
1<?xml version="1.0" encoding="utf-8"?>
2<manifest xmlns:android="http://schemas.android.com/apk/res/android"
3    package="pt.portugalhoje.auto"
4    android:versionCode="1"
5    android:versionName="1.0" >
6
7    <uses-sdk
8        android:minSdkVersion="23"
9        android:targetSdkVersion="34" />
10
11    <uses-permission android:name="android.permission.ACCESS_FINE_LOCATION" />
11-->src/main/AndroidManifest.xml:4:5-79
11-->src/main/AndroidManifest.xml:4:22-76
12    <uses-permission android:name="android.permission.ACCESS_COARSE_LOCATION" />
12-->src/main/AndroidManifest.xml:5:5-81
12-->src/main/AndroidManifest.xml:5:22-78
13    <uses-permission android:name="android.permission.INTERNET" />
13-->src/main/AndroidManifest.xml:6:5-67
13-->src/main/AndroidManifest.xml:6:22-64
14    <uses-permission android:name="android.permission.FOREGROUND_SERVICE" />
14-->src/main/AndroidManifest.xml:7:5-77
14-->src/main/AndroidManifest.xml:7:22-74
15    <uses-permission android:name="android.permission.FOREGROUND_SERVICE_LOCATION" />
15-->src/main/AndroidManifest.xml:8:5-86
15-->src/main/AndroidManifest.xml:8:22-83
16
17    <queries>
17-->[androidx.car.app:app:1.4.0] AndroidManifest.xml:23:5-28:15
18        <provider
18-->[androidx.car.app:app:1.4.0] AndroidManifest.xml:24:9-27:43
19            android:name="androidx.car.app.connection.provider"
19-->[androidx.car.app:app:1.4.0] AndroidManifest.xml:25:13-64
20            android:authorities="androidx.car.app.connection" />
20-->[androidx.car.app:app:1.4.0] AndroidManifest.xml:26:13-62
21    </queries>
22
23    <application
23-->src/main/AndroidManifest.xml:10:5-31:19
24        android:allowBackup="false"
24-->src/main/AndroidManifest.xml:11:9-36
25        android:appComponentFactory="androidx.core.app.CoreComponentFactory"
25-->[androidx.core:core:1.7.0] AndroidManifest.xml:24:18-86
26        android:debuggable="true"
27        android:extractNativeLibs="false"
28        android:label="Portugal Hoje Auto"
28-->src/main/AndroidManifest.xml:12:9-43
29        android:theme="@android:style/Theme.DeviceDefault.NoActionBar" >
29-->src/main/AndroidManifest.xml:13:9-71
30        <meta-data
30-->src/main/AndroidManifest.xml:15:9-17:59
31            android:name="com.google.android.gms.car.application"
31-->src/main/AndroidManifest.xml:16:13-66
32            android:resource="@xml/automotive_app_desc" />
32-->src/main/AndroidManifest.xml:17:13-56
33
34        <service
34-->src/main/AndroidManifest.xml:19:9-30:19
35            android:name="pt.portugalhoje.auto.PortugalHojeCarAppService"
35-->src/main/AndroidManifest.xml:20:13-54
36            android:exported="true" >
36-->src/main/AndroidManifest.xml:21:13-36
37            <intent-filter>
37-->src/main/AndroidManifest.xml:22:13-25:29
38                <action android:name="androidx.car.app.CarAppService" />
38-->src/main/AndroidManifest.xml:23:17-73
38-->src/main/AndroidManifest.xml:23:25-70
39
40                <category android:name="androidx.car.app.category.POI" />
40-->src/main/AndroidManifest.xml:24:17-74
40-->src/main/AndroidManifest.xml:24:27-71
41            </intent-filter>
42
43            <meta-data
43-->src/main/AndroidManifest.xml:27:13-29:37
44                android:name="androidx.car.app.minCarApiLevel"
44-->src/main/AndroidManifest.xml:28:17-63
45                android:value="3" />
45-->src/main/AndroidManifest.xml:29:17-34
46        </service>
47
48        <activity
48-->[androidx.car.app:app:1.4.0] AndroidManifest.xml:31:9-34:75
49            android:name="androidx.car.app.CarAppPermissionActivity"
49-->[androidx.car.app:app:1.4.0] AndroidManifest.xml:32:13-69
50            android:exported="false"
50-->[androidx.car.app:app:1.4.0] AndroidManifest.xml:33:13-37
51            android:theme="@android:style/Theme.Translucent.NoTitleBar" />
51-->[androidx.car.app:app:1.4.0] AndroidManifest.xml:34:13-72
52
53        <receiver
53-->[androidx.car.app:app:1.4.0] AndroidManifest.xml:36:9-38:40
54            android:name="androidx.car.app.notification.CarAppNotificationBroadcastReceiver"
54-->[androidx.car.app:app:1.4.0] AndroidManifest.xml:37:13-93
55            android:exported="false" />
55-->[androidx.car.app:app:1.4.0] AndroidManifest.xml:38:13-37
56
57        <activity
57-->[com.google.android.gms:play-services-base:18.3.0] AndroidManifest.xml:20:9-22:45
58            android:name="com.google.android.gms.common.api.GoogleApiActivity"
58-->[com.google.android.gms:play-services-base:18.3.0] AndroidManifest.xml:20:19-85
59            android:exported="false"
59-->[com.google.android.gms:play-services-base:18.3.0] AndroidManifest.xml:22:19-43
60            android:theme="@android:style/Theme.Translucent.NoTitleBar" />
60-->[com.google.android.gms:play-services-base:18.3.0] AndroidManifest.xml:21:19-78
61
62        <meta-data
62-->[com.google.android.gms:play-services-basement:18.3.0] AndroidManifest.xml:21:9-23:69
63            android:name="com.google.android.gms.version"
63-->[com.google.android.gms:play-services-basement:18.3.0] AndroidManifest.xml:22:13-58
64            android:value="@integer/google_play_services_version" />
64-->[com.google.android.gms:play-services-basement:18.3.0] AndroidManifest.xml:23:13-66
65
66        <provider
66-->[androidx.profileinstaller:profileinstaller:1.3.0] AndroidManifest.xml:24:9-32:20
67            android:name="androidx.startup.InitializationProvider"
67-->[androidx.profileinstaller:profileinstaller:1.3.0] AndroidManifest.xml:25:13-67
68            android:authorities="pt.portugalhoje.auto.androidx-startup"
68-->[androidx.profileinstaller:profileinstaller:1.3.0] AndroidManifest.xml:26:13-68
69            android:exported="false" >
69-->[androidx.profileinstaller:profileinstaller:1.3.0] AndroidManifest.xml:27:13-37
70            <meta-data
70-->[androidx.profileinstaller:profileinstaller:1.3.0] AndroidManifest.xml:29:13-31:52
71                android:name="androidx.profileinstaller.ProfileInstallerInitializer"
71-->[androidx.profileinstaller:profileinstaller:1.3.0] AndroidManifest.xml:30:17-85
72                android:value="androidx.startup" />
72-->[androidx.profileinstaller:profileinstaller:1.3.0] AndroidManifest.xml:31:17-49
73        </provider>
74
75        <receiver
75-->[androidx.profileinstaller:profileinstaller:1.3.0] AndroidManifest.xml:34:9-52:20
76            android:name="androidx.profileinstaller.ProfileInstallReceiver"
76-->[androidx.profileinstaller:profileinstaller:1.3.0] AndroidManifest.xml:35:13-76
77            android:directBootAware="false"
77-->[androidx.profileinstaller:profileinstaller:1.3.0] AndroidManifest.xml:36:13-44
78            android:enabled="true"
78-->[androidx.profileinstaller:profileinstaller:1.3.0] AndroidManifest.xml:37:13-35
79            android:exported="true"
79-->[androidx.profileinstaller:profileinstaller:1.3.0] AndroidManifest.xml:38:13-36
80            android:permission="android.permission.DUMP" >
80-->[androidx.profileinstaller:profileinstaller:1.3.0] AndroidManifest.xml:39:13-57
81            <intent-filter>
81-->[androidx.profileinstaller:profileinstaller:1.3.0] AndroidManifest.xml:40:13-42:29
82                <action android:name="androidx.profileinstaller.action.INSTALL_PROFILE" />
82-->[androidx.profileinstaller:profileinstaller:1.3.0] AndroidManifest.xml:41:17-91
82-->[androidx.profileinstaller:profileinstaller:1.3.0] AndroidManifest.xml:41:25-88
83            </intent-filter>
84            <intent-filter>
84-->[androidx.profileinstaller:profileinstaller:1.3.0] AndroidManifest.xml:43:13-45:29
85                <action android:name="androidx.profileinstaller.action.SKIP_FILE" />
85-->[androidx.profileinstaller:profileinstaller:1.3.0] AndroidManifest.xml:44:17-85
85-->[androidx.profileinstaller:profileinstaller:1.3.0] AndroidManifest.xml:44:25-82
86            </intent-filter>
87            <intent-filter>
87-->[androidx.profileinstaller:profileinstaller:1.3.0] AndroidManifest.xml:46:13-48:29
88                <action android:name="androidx.profileinstaller.action.SAVE_PROFILE" />
88-->[androidx.profileinstaller:profileinstaller:1.3.0] AndroidManifest.xml:47:17-88
88-->[androidx.profileinstaller:profileinstaller:1.3.0] AndroidManifest.xml:47:25-85
89            </intent-filter>
90            <intent-filter>
90-->[androidx.profileinstaller:profileinstaller:1.3.0] AndroidManifest.xml:49:13-51:29
91                <action android:name="androidx.profileinstaller.action.BENCHMARK_OPERATION" />
91-->[androidx.profileinstaller:profileinstaller:1.3.0] AndroidManifest.xml:50:17-95
91-->[androidx.profileinstaller:profileinstaller:1.3.0] AndroidManifest.xml:50:25-92
92            </intent-filter>
93        </receiver>
94    </application>
95
96</manifest>